# JRE version: Java(TM) SE Runtime Environment (8.0_211-b12) (build 1.8.0_211-b12)
# Java VM: Java HotSpot(TM) 64-Bit Server VM (25.211-b12 mixed mode windows-amd64 compressed oops)
Heap:
 PSYoungGen      total 66560K, used 40146K [0x0000000776100000, 0x000000077ab00000, 0x00000007c0000000)
  eden space 57344K, 54% used [0x0000000776100000,0x0000000777fbb470,0x0000000779900000)
  from space 9216K, 94% used [0x000000077a200000,0x000000077aa793b8,0x000000077ab00000)
  to   space 9216K, 0% used [0x0000000779900000,0x0000000779900000,0x000000077a200000)
 ParOldGen       total 151552K, used 24K [0x00000006e2200000, 0x00000006eb600000, 0x0000000776100000)
  object space 151552K, 0% used [0x00000006e2200000,0x00000006e2206000,0x00000006eb600000)
 Metaspace       used 20338K, capacity 20888K, committed 21120K, reserved 1067008K
  class space    used 2696K, capacity 2846K, committed 2944K, reserved 1048576K
GC Heap History (4 events):
Event: 2.063 GC heap before
{Heap before GC invocations=1 (full 0):
 PSYoungGen      total 66560K, used 57344K [0x0000000776100000, 0x000000077ab00000, 0x00000007c0000000)
  eden space 57344K, 100% used [0x0000000776100000,0x0000000779900000,0x0000000779900000)
  from space 9216K, 0% used [0x000000077a200000,0x000000077a200000,0x000000077ab00000)
  to   space 9216K, 0% used [0x0000000779900000,0x0000000779900000,0x000000077a200000)
 ParOldGen       total 151552K, used 0K [0x00000006e2200000, 0x00000006eb600000, 0x0000000776100000)
  object space 151552K, 0% used [0x00000006e2200000,0x00000006e2200000,0x00000006eb600000)
 Metaspace       used 12904K, capacity 13272K, committed 13568K, reserved 1060864K
  class space    used 1596K, capacity 1714K, committed 1792K, reserved 1048576K
Event: 2.071 GC heap after
Heap after GC invocations=1 (full 0):
 PSYoungGen      total 66560K, used 6406K [0x0000000776100000, 0x000000077ab00000, 0x00000007c0000000)
  eden space 57344K, 0% used [0x0000000776100000,0x0000000776100000,0x0000000779900000)
  from space 9216K, 69% used [0x0000000779900000,0x0000000779f41be8,0x000000077a200000)
  to   space 9216K, 0% used [0x000000077a200000,0x000000077a200000,0x000000077ab00000)
 ParOldGen       total 151552K, used 16K [0x00000006e2200000, 0x00000006eb600000, 0x0000000776100000)
  object space 151552K, 0% used [0x00000006e2200000,0x00000006e2204000,0x00000006eb600000)
 Metaspace       used 12904K, capacity 13272K, committed 13568K, reserved 1060864K
  class space    used 1596K, capacity 1714K, committed 1792K, reserved 1048576K
}
Event: 2.415 GC heap before
{Heap before GC invocations=2 (full 0):
 PSYoungGen      total 66560K, used 63750K [0x0000000776100000, 0x000000077ab00000, 0x00000007c0000000)
  eden space 57344K, 100% used [0x0000000776100000,0x0000000779900000,0x0000000779900000)
  from space 9216K, 69% used [0x0000000779900000,0x0000000779f41be8,0x000000077a200000)
  to   space 9216K, 0% used [0x000000077a200000,0x000000077a200000,0x000000077ab00000)
 ParOldGen       total 151552K, used 16K [0x00000006e2200000, 0x00000006eb600000, 0x0000000776100000)
  object space 151552K, 0% used [0x00000006e2200000,0x00000006e2204000,0x00000006eb600000)
 Metaspace       used 17614K, capacity 18130K, committed 18432K, reserved 1064960K
  class space    used 2344K, capacity 2507K, committed 2560K, reserved 1048576K
Event: 2.425 GC heap after
Heap after GC invocations=2 (full 0):
 PSYoungGen      total 66560K, used 8676K [0x0000000776100000, 0x000000077ab00000, 0x00000007c0000000)
  eden space 57344K, 0% used [0x0000000776100000,0x0000000776100000,0x0000000779900000)
  from space 9216K, 94% used [0x000000077a200000,0x000000077aa793b8,0x000000077ab00000)
  to   space 9216K, 0% used [0x0000000779900000,0x0000000779900000,0x000000077a200000)
 ParOldGen       total 151552K, used 24K [0x00000006e2200000, 0x00000006eb600000, 0x0000000776100000)
  object space 151552K, 0% used [0x00000006e2200000,0x00000006e2206000,0x00000006eb600000)
 Metaspace       used 17614K, capacity 18130K, committed 18432K, reserved 1064960K
  class space    used 2344K, capacity 2507K, committed 2560K, reserved 1048576K
}

